# JRE version: OpenJDK Runtime Environment (8.0_121-b13) (build 1.8.0_121-8u121-b13-0ubuntu1.16.04.2-b13)
# Java VM: OpenJDK 64-Bit Server VM (25.121-b13 mixed mode linux-amd64 compressed oops)
Heap:
 PSYoungGen      total 360960K, used 0K [0x00000000e0000000, 0x0000000100000000, 0x0000000100000000)
  eden space 291840K, 0% used [0x00000000e0000000,0x00000000e0000000,0x00000000f1d00000)
  from space 69120K, 0% used [0x00000000fbc80000,0x00000000fbc80000,0x0000000100000000)
  to   space 116224K, 0% used [0x00000000f1d00000,0x00000000f1d00000,0x00000000f8e80000)
 ParOldGen       total 180224K, used 165397K [0x00000000a0000000, 0x00000000ab000000, 0x00000000e0000000)
  object space 180224K, 91% used [0x00000000a0000000,0x00000000aa1854a8,0x00000000ab000000)
 Metaspace       used 84257K, capacity 90920K, committed 99456K, reserved 1136640K
  class space    used 10564K, capacity 11469K, committed 12544K, reserved 1048576K
GC Heap History (10 events):
Event: 3270,596 GC heap after
Heap after GC invocations=30 (full 4):
 PSYoungGen      total 399872K, used 36863K [0x00000000e0000000, 0x00000000fd800000, 0x0000000100000000)
  eden space 363008K, 0% used [0x00000000e0000000,0x00000000e0000000,0x00000000f6280000)
  from space 36864K, 99% used [0x00000000f9380000,0x00000000fb77fda8,0x00000000fb780000)
  to   space 50176K, 0% used [0x00000000f6280000,0x00000000f6280000,0x00000000f9380000)
 ParOldGen       total 172032K, used 81308K [0x00000000a0000000, 0x00000000aa800000, 0x00000000e0000000)
  object space 172032K, 47% used [0x00000000a0000000,0x00000000a4f67190,0x00000000aa800000)
 Metaspace       used 84943K, capacity 91798K, committed 99456K, reserved 1136640K
  class space    used 10667K, capacity 11586K, committed 12544K, reserved 1048576K
}
Event: 3271,324 GC heap before
{Heap before GC invocations=31 (full 4):
 PSYoungGen      total 399872K, used 399871K [0x00000000e0000000, 0x00000000fd800000, 0x0000000100000000)
  eden space 363008K, 100% used [0x00000000e0000000,0x00000000f6280000,0x00000000f6280000)
  from space 36864K, 99% used [0x00000000f9380000,0x00000000fb77fda8,0x00000000fb780000)
  to   space 50176K, 0% used [0x00000000f6280000,0x00000000f6280000,0x00000000f9380000)
 ParOldGen       total 172032K, used 81308K [0x00000000a0000000, 0x00000000aa800000, 0x00000000e0000000)
  object space 172032K, 47% used [0x00000000a0000000,0x00000000a4f67190,0x00000000aa800000)
 Metaspace       used 85012K, capacity 91874K, committed 99456K, reserved 1136640K
  class space    used 10669K, capacity 11588K, committed 12544K, reserved 1048576K
Event: 3271,382 GC heap after
Heap after GC invocations=31 (full 4):
 PSYoungGen      total 413184K, used 34072K [0x00000000e0000000, 0x0000000100000000, 0x0000000100000000)
  eden space 363008K, 0% used [0x00000000e0000000,0x00000000e0000000,0x00000000f6280000)
  from space 50176K, 67% used [0x00000000f6280000,0x00000000f83c6320,0x00000000f9380000)
  to   space 52224K, 0% used [0x00000000fcd00000,0x00000000fcd00000,0x0000000100000000)
 ParOldGen       total 172032K, used 81308K [0x00000000a0000000, 0x00000000aa800000, 0x00000000e0000000)
  object space 172032K, 47% used [0x00000000a0000000,0x00000000a4f67190,0x00000000aa800000)
 Metaspace       used 85012K, capacity 91874K, committed 99456K, reserved 1136640K
  class space    used 10669K, capacity 11588K, committed 12544K, reserved 1048576K
}
Event: 3272,438 GC heap before
{Heap before GC invocations=32 (full 4):
 PSYoungGen      total 413184K, used 397080K [0x00000000e0000000, 0x0000000100000000, 0x0000000100000000)
  eden space 363008K, 100% used [0x00000000e0000000,0x00000000f6280000,0x00000000f6280000)
  from space 50176K, 67% used [0x00000000f6280000,0x00000000f83c6320,0x00000000f9380000)
  to   space 52224K, 0% used [0x00000000fcd00000,0x00000000fcd00000,0x0000000100000000)
 ParOldGen       total 172032K, used 81308K [0x00000000a0000000, 0x00000000aa800000, 0x00000000e0000000)
  object space 172032K, 47% used [0x00000000a0000000,0x00000000a4f67190,0x00000000aa800000)
 Metaspace       used 85036K, capacity 91880K, committed 99456K, reserved 1136640K
  class space    used 10671K, capacity 11589K, committed 12544K, reserved 1048576K
Event: 3272,624 GC heap after
Heap after GC invocations=32 (full 4):
 PSYoungGen      total 438272K, used 52221K [0x00000000e0000000, 0x0000000100000000, 0x0000000100000000)
  eden space 386048K, 0% used [0x00000000e0000000,0x00000000e0000000,0x00000000f7900000)
  from space 52224K, 99% used [0x00000000fcd00000,0x00000000fffff418,0x0000000100000000)
  to   space 69120K, 0% used [0x00000000f7900000,0x00000000f7900000,0x00000000fbc80000)
 ParOldGen       total 172032K, used 103146K [0x00000000a0000000, 0x00000000aa800000, 0x00000000e0000000)
  object space 172032K, 59% used [0x00000000a0000000,0x00000000a64baad8,0x00000000aa800000)
 Metaspace       used 85036K, capacity 91880K, committed 99456K, reserved 1136640K
  class space    used 10671K, capacity 11589K, committed 12544K, reserved 1048576K
}
Event: 3273,555 GC heap before
{Heap before GC invocations=33 (full 4):
 PSYoungGen      total 438272K, used 438269K [0x00000000e0000000, 0x0000000100000000, 0x0000000100000000)
  eden space 386048K, 100% used [0x00000000e0000000,0x00000000f7900000,0x00000000f7900000)
  from space 52224K, 99% used [0x00000000fcd00000,0x00000000fffff418,0x0000000100000000)
  to   space 69120K, 0% used [0x00000000f7900000,0x00000000f7900000,0x00000000fbc80000)
 ParOldGen       total 172032K, used 103146K [0x00000000a0000000, 0x00000000aa800000, 0x00000000e0000000)
  object space 172032K, 59% used [0x00000000a0000000,0x00000000a64baad8,0x00000000aa800000)
 Metaspace       used 85085K, capacity 91944K, committed 99456K, reserved 1136640K
  class space    used 10671K, capacity 11589K, committed 12544K, reserved 1048576K
Event: 3273,728 GC heap after
Heap after GC invocations=33 (full 4):
 PSYoungGen      total 455168K, used 69107K [0x00000000e0000000, 0x0000000100000000, 0x0000000100000000)
  eden space 386048K, 0% used [0x00000000e0000000,0x00000000e0000000,0x00000000f7900000)
  from space 69120K, 99% used [0x00000000f7900000,0x00000000fbc7ce48,0x00000000fbc80000)
  to   space 69120K, 0% used [0x00000000fbc80000,0x00000000fbc80000,0x0000000100000000)
 ParOldGen       total 172032K, used 131438K [0x00000000a0000000, 0x00000000aa800000, 0x00000000e0000000)
  object space 172032K, 76% used [0x00000000a0000000,0x00000000a805b928,0x00000000aa800000)
 Metaspace       used 85085K, capacity 91944K, committed 99456K, reserved 1136640K
  class space    used 10671K, capacity 11589K, committed 12544K, reserved 1048576K
}
Event: 3274,826 GC heap before
{Heap before GC invocations=34 (full 4):
 PSYoungGen      total 455168K, used 455155K [0x00000000e0000000, 0x0000000100000000, 0x0000000100000000)
  eden space 386048K, 100% used [0x00000000e0000000,0x00000000f7900000,0x00000000f7900000)
  from space 69120K, 99% used [0x00000000f7900000,0x00000000fbc7ce48,0x00000000fbc80000)
  to   space 69120K, 0% used [0x00000000fbc80000,0x00000000fbc80000,0x0000000100000000)
 ParOldGen       total 172032K, used 131438K [0x00000000a0000000, 0x00000000aa800000, 0x00000000e0000000)
  object space 172032K, 76% used [0x00000000a0000000,0x00000000a805b928,0x00000000aa800000)
 Metaspace       used 85125K, capacity 91944K, committed 99456K, reserved 1136640K
  class space    used 10672K, capacity 11589K, committed 12544K, reserved 1048576K
Event: 3275,136 GC heap after
Heap after GC invocations=34 (full 4):
 PSYoungGen      total 360960K, used 69111K [0x00000000e0000000, 0x0000000100000000, 0x0000000100000000)
  eden space 291840K, 0% used [0x00000000e0000000,0x00000000e0000000,0x00000000f1d00000)
  from space 69120K, 99% used [0x00000000fbc80000,0x00000000ffffdcc0,0x0000000100000000)
  to   space 116224K, 0% used [0x00000000f1d00000,0x00000000f1d00000,0x00000000f8e80000)
 ParOldGen       total 180224K, used 180009K [0x00000000a0000000, 0x00000000ab000000, 0x00000000e0000000)
  object space 180224K, 99% used [0x00000000a0000000,0x00000000aafca538,0x00000000ab000000)
 Metaspace       used 85125K, capacity 91944K, committed 99456K, reserved 1136640K
  class space    used 10672K, capacity 11589K, committed 12544K, reserved 1048576K
}
Event: 3275,136 GC heap before
{Heap before GC invocations=35 (full 5):
 PSYoungGen      total 360960K, used 69111K [0x00000000e0000000, 0x0000000100000000, 0x0000000100000000)
  eden space 291840K, 0% used [0x00000000e0000000,0x00000000e0000000,0x00000000f1d00000)
  from space 69120K, 99% used [0x00000000fbc80000,0x00000000ffffdcc0,0x0000000100000000)
  to   space 116224K, 0% used [0x00000000f1d00000,0x00000000f1d00000,0x00000000f8e80000)
 ParOldGen       total 180224K, used 180009K [0x00000000a0000000, 0x00000000ab000000, 0x00000000e0000000)
  object space 180224K, 99% used [0x00000000a0000000,0x00000000aafca538,0x00000000ab000000)
 Metaspace       used 85125K, capacity 91944K, committed 99456K, reserved 1136640K
  class space    used 10672K, capacity 11589K, committed 12544K, reserved 1048576K

